<?xml version="1.0" encoding="UTF-8"?>
<!-- Generated by org.testng.reporters.JUnitReportReporter -->
<testsuite hostname="Pavan-Lenova" failures="0" tests="6" name="testCases.TC003_LoginDDT" time="52.723" errors="0" timestamp="2024-05-02T08:06:30 IST" skipped="0">
  <testcase classname="testCases.TC003_LoginDDT" name="verify_loginDDT" time="5.548"/>
  <testcase classname="testCases.TC003_LoginDDT" name="verify_loginDDT" time="5.980"/>
  <testcase classname="testCases.TC003_LoginDDT" name="verify_loginDDT" time="14.603"/>
  <testcase classname="testCases.TC003_LoginDDT" name="verify_loginDDT" time="6.152"/>
  <testcase classname="testCases.TC003_LoginDDT" name="verify_loginDDT" time="5.721"/>
  <testcase classname="testCases.TC003_LoginDDT" name="verify_loginDDT" time="14.719"/>
</testsuite> <!-- testCases.TC003_LoginDDT -->
